<?xml version="1.0" encoding="UTF-8"?>
<!-- Generated by org.testng.reporters.JUnitXMLReporter -->
<testsuite ignored="2" hostname="Ojaswi" failures="0" tests="5" name="Car Loan" time="0.116" errors="0" timestamp="2023-11-22T22:57:38 IST">
  <testcase classname="test.day3" name="MobileLogincarLoan" time="0.004"/>
  <testcase classname="test.day3" name="MobilesignoutcarLoan" time="0.006"/>
  <testcase classname="test.day3" name="MobilesignoutcarLoan" time="0.001"/>
  <testcase classname="test.day3" name="MobilesignoutcarLoan" time="0.001"/>
  <testcase classname="test.day3" name="WebloginCarLoan" time="0.005"/>
  <testcase classname="test.day3" name="APIcarLoan" time="0.0">
    <ignored/>
  </testcase> <!-- APIcarLoan -->
  <testcase classname="test.day3" name="MobilesignimcarLoan" time="0.0">
    <ignored/>
  </testcase> <!-- MobilesignimcarLoan -->
</testsuite> <!-- Car Loan -->
